<?xml version="1.0" encoding="UTF-8"?>
<!-- Generated by org.testng.reporters.JUnitReportReporter -->
<testsuite hostname="usnycpww9456.global.publicisgroupe.net" name="shop.product.AllProducts" tests="1" failures="0" timestamp="11 Jan 2016 17:39:40 GMT" time="634.755" errors="0">
  <testcase name="variantName" time="634.755" classname="shop.product.AllProducts"/>
</testsuite> <!-- shop.product.AllProducts -->
