<?xml version="1.0" encoding="UTF-8"?>
<!-- Generated by org.testng.reporters.JUnitReportReporter -->
<testsuite hostname="usnycpww9456.global.publicisgroupe.net" name="shop.product.ProductDetailsPage" tests="1" failures="0" timestamp="11 Jan 2016 17:08:13 GMT" time="122.325" errors="0">
  <testcase name="variantName" time="122.325" classname="shop.product.ProductDetailsPage"/>
</testsuite> <!-- shop.product.ProductDetailsPage -->
